0 info it worked if it ends with ok
1 verbose cli [ 'node', '/usr/local/bin/npm', 'publish' ]
2 info using npm@1.4.3
3 info using node@v0.10.26
4 verbose publish [ '.' ]
5 verbose cache add [ '.', null ]
6 verbose cache add name=undefined spec="." args=[".",null]
7 verbose parsed url { protocol: null,
7 verbose parsed url   slashes: null,
7 verbose parsed url   auth: null,
7 verbose parsed url   host: null,
7 verbose parsed url   port: null,
7 verbose parsed url   hostname: null,
7 verbose parsed url   hash: null,
7 verbose parsed url   search: null,
7 verbose parsed url   query: null,
7 verbose parsed url   pathname: '.',
7 verbose parsed url   path: '.',
7 verbose parsed url   href: '.' }
8 silly lockFile 3a52ce78- .
9 verbose lock . /Users/kodeslacker/.npm/3a52ce78-.lock
10 verbose tar pack [ '/var/folders/z1/0zv5ggrx7tl0f5kpfvf6dshc0000gn/T/npm-14155-h9NxJ-mf/1402090007734-0.25407205894589424/tmp.tgz',
10 verbose tar pack   '.' ]
11 verbose tarball /var/folders/z1/0zv5ggrx7tl0f5kpfvf6dshc0000gn/T/npm-14155-h9NxJ-mf/1402090007734-0.25407205894589424/tmp.tgz
12 verbose folder .
13 info prepublish bart@0.0.2
14 silly lockFile 1f1177db-tar tar://.
15 verbose lock tar://. /Users/kodeslacker/.npm/1f1177db-tar.lock
16 silly lockFile 82ee57f5-7734-0-25407205894589424-tmp-tgz tar:///var/folders/z1/0zv5ggrx7tl0f5kpfvf6dshc0000gn/T/npm-14155-h9NxJ-mf/1402090007734-0.25407205894589424/tmp.tgz
17 verbose lock tar:///var/folders/z1/0zv5ggrx7tl0f5kpfvf6dshc0000gn/T/npm-14155-h9NxJ-mf/1402090007734-0.25407205894589424/tmp.tgz /Users/kodeslacker/.npm/82ee57f5-7734-0-25407205894589424-tmp-tgz.lock
18 silly lockFile 1f1177db-tar tar://.
19 silly lockFile 1f1177db-tar tar://.
20 silly lockFile 82ee57f5-7734-0-25407205894589424-tmp-tgz tar:///var/folders/z1/0zv5ggrx7tl0f5kpfvf6dshc0000gn/T/npm-14155-h9NxJ-mf/1402090007734-0.25407205894589424/tmp.tgz
21 silly lockFile 82ee57f5-7734-0-25407205894589424-tmp-tgz tar:///var/folders/z1/0zv5ggrx7tl0f5kpfvf6dshc0000gn/T/npm-14155-h9NxJ-mf/1402090007734-0.25407205894589424/tmp.tgz
22 verbose tar unpack /var/folders/z1/0zv5ggrx7tl0f5kpfvf6dshc0000gn/T/npm-14155-h9NxJ-mf/1402090007734-0.25407205894589424/tmp.tgz
23 silly lockFile 0fb8c048-7734-0-25407205894589424-package tar:///var/folders/z1/0zv5ggrx7tl0f5kpfvf6dshc0000gn/T/npm-14155-h9NxJ-mf/1402090007734-0.25407205894589424/package
24 verbose lock tar:///var/folders/z1/0zv5ggrx7tl0f5kpfvf6dshc0000gn/T/npm-14155-h9NxJ-mf/1402090007734-0.25407205894589424/package /Users/kodeslacker/.npm/0fb8c048-7734-0-25407205894589424-package.lock
25 silly lockFile 82ee57f5-7734-0-25407205894589424-tmp-tgz tar:///var/folders/z1/0zv5ggrx7tl0f5kpfvf6dshc0000gn/T/npm-14155-h9NxJ-mf/1402090007734-0.25407205894589424/tmp.tgz
26 verbose lock tar:///var/folders/z1/0zv5ggrx7tl0f5kpfvf6dshc0000gn/T/npm-14155-h9NxJ-mf/1402090007734-0.25407205894589424/tmp.tgz /Users/kodeslacker/.npm/82ee57f5-7734-0-25407205894589424-tmp-tgz.lock
27 silly gunzTarPerm modes [ '755', '644' ]
28 silly gunzTarPerm extractEntry package.json
29 silly gunzTarPerm extractEntry .npmignore
30 silly gunzTarPerm extractEntry bin/bart.js
31 silly lockFile 0fb8c048-7734-0-25407205894589424-package tar:///var/folders/z1/0zv5ggrx7tl0f5kpfvf6dshc0000gn/T/npm-14155-h9NxJ-mf/1402090007734-0.25407205894589424/package
32 silly lockFile 0fb8c048-7734-0-25407205894589424-package tar:///var/folders/z1/0zv5ggrx7tl0f5kpfvf6dshc0000gn/T/npm-14155-h9NxJ-mf/1402090007734-0.25407205894589424/package
33 silly lockFile 82ee57f5-7734-0-25407205894589424-tmp-tgz tar:///var/folders/z1/0zv5ggrx7tl0f5kpfvf6dshc0000gn/T/npm-14155-h9NxJ-mf/1402090007734-0.25407205894589424/tmp.tgz
34 silly lockFile 82ee57f5-7734-0-25407205894589424-tmp-tgz tar:///var/folders/z1/0zv5ggrx7tl0f5kpfvf6dshc0000gn/T/npm-14155-h9NxJ-mf/1402090007734-0.25407205894589424/tmp.tgz
35 verbose tar pack [ '/Users/kodeslacker/.npm/bart/0.0.2/package.tgz',
35 verbose tar pack   '/var/folders/z1/0zv5ggrx7tl0f5kpfvf6dshc0000gn/T/npm-14155-h9NxJ-mf/1402090007734-0.25407205894589424/package' ]
36 verbose tarball /Users/kodeslacker/.npm/bart/0.0.2/package.tgz
37 verbose folder /var/folders/z1/0zv5ggrx7tl0f5kpfvf6dshc0000gn/T/npm-14155-h9NxJ-mf/1402090007734-0.25407205894589424/package
38 silly lockFile 0fb8c048-7734-0-25407205894589424-package tar:///var/folders/z1/0zv5ggrx7tl0f5kpfvf6dshc0000gn/T/npm-14155-h9NxJ-mf/1402090007734-0.25407205894589424/package
39 verbose lock tar:///var/folders/z1/0zv5ggrx7tl0f5kpfvf6dshc0000gn/T/npm-14155-h9NxJ-mf/1402090007734-0.25407205894589424/package /Users/kodeslacker/.npm/0fb8c048-7734-0-25407205894589424-package.lock
40 silly lockFile 2510e727-acker-npm-bart-0-0-2-package-tgz tar:///Users/kodeslacker/.npm/bart/0.0.2/package.tgz
41 verbose lock tar:///Users/kodeslacker/.npm/bart/0.0.2/package.tgz /Users/kodeslacker/.npm/2510e727-acker-npm-bart-0-0-2-package-tgz.lock
42 silly lockFile 0fb8c048-7734-0-25407205894589424-package tar:///var/folders/z1/0zv5ggrx7tl0f5kpfvf6dshc0000gn/T/npm-14155-h9NxJ-mf/1402090007734-0.25407205894589424/package
43 silly lockFile 0fb8c048-7734-0-25407205894589424-package tar:///var/folders/z1/0zv5ggrx7tl0f5kpfvf6dshc0000gn/T/npm-14155-h9NxJ-mf/1402090007734-0.25407205894589424/package
44 silly lockFile 2510e727-acker-npm-bart-0-0-2-package-tgz tar:///Users/kodeslacker/.npm/bart/0.0.2/package.tgz
45 silly lockFile 2510e727-acker-npm-bart-0-0-2-package-tgz tar:///Users/kodeslacker/.npm/bart/0.0.2/package.tgz
46 silly lockFile a70bbdf4-deslacker-npm-bart-0-0-2-package /Users/kodeslacker/.npm/bart/0.0.2/package
47 verbose lock /Users/kodeslacker/.npm/bart/0.0.2/package /Users/kodeslacker/.npm/a70bbdf4-deslacker-npm-bart-0-0-2-package.lock
48 silly lockFile a70bbdf4-deslacker-npm-bart-0-0-2-package /Users/kodeslacker/.npm/bart/0.0.2/package
49 silly lockFile a70bbdf4-deslacker-npm-bart-0-0-2-package /Users/kodeslacker/.npm/bart/0.0.2/package
50 verbose tar unpack /Users/kodeslacker/.npm/bart/0.0.2/package.tgz
51 silly lockFile e54e34a1-deslacker-npm-bart-0-0-2-package tar:///Users/kodeslacker/.npm/bart/0.0.2/package
52 verbose lock tar:///Users/kodeslacker/.npm/bart/0.0.2/package /Users/kodeslacker/.npm/e54e34a1-deslacker-npm-bart-0-0-2-package.lock
53 silly lockFile 2510e727-acker-npm-bart-0-0-2-package-tgz tar:///Users/kodeslacker/.npm/bart/0.0.2/package.tgz
54 verbose lock tar:///Users/kodeslacker/.npm/bart/0.0.2/package.tgz /Users/kodeslacker/.npm/2510e727-acker-npm-bart-0-0-2-package-tgz.lock
55 silly gunzTarPerm modes [ '755', '644' ]
56 silly gunzTarPerm extractEntry package.json
57 silly gunzTarPerm extractEntry .npmignore
58 silly gunzTarPerm extractEntry bin/bart.js
59 silly lockFile e54e34a1-deslacker-npm-bart-0-0-2-package tar:///Users/kodeslacker/.npm/bart/0.0.2/package
60 silly lockFile e54e34a1-deslacker-npm-bart-0-0-2-package tar:///Users/kodeslacker/.npm/bart/0.0.2/package
61 silly lockFile 2510e727-acker-npm-bart-0-0-2-package-tgz tar:///Users/kodeslacker/.npm/bart/0.0.2/package.tgz
62 silly lockFile 2510e727-acker-npm-bart-0-0-2-package-tgz tar:///Users/kodeslacker/.npm/bart/0.0.2/package.tgz
63 verbose chmod /Users/kodeslacker/.npm/bart/0.0.2/package.tgz 644
64 verbose chown /Users/kodeslacker/.npm/bart/0.0.2/package.tgz [ 501, 20 ]
65 silly lockFile 3a52ce78- .
66 silly lockFile 3a52ce78- .
67 silly publish { name: 'bart',
67 silly publish   version: '0.0.2',
67 silly publish   description: 'bart is a deployment solution for nodejs',
67 silly publish   main: 'index.js',
67 silly publish   scripts: { test: 'echo "Error: no test specified" && exit 1' },
67 silly publish   repository: { type: 'git', url: 'git://github.com/0x4139/Bart.git' },
67 silly publish   keywords: [ 'nodejs', 'deployment', 'git', 'deployment' ],
67 silly publish   author: { name: '0x4139@gmail.com' },
67 silly publish   license: 'MIT',
67 silly publish   bugs: { url: 'https://github.com/0x4139/Bart/issues' },
67 silly publish   homepage: 'https://github.com/0x4139/Bart',
67 silly publish   dependencies: { express: '^4.4.1', commander: '^2.2.0' },
67 silly publish   readme: 'ERROR: No README data found!',
67 silly publish   _id: 'bart@0.0.2',
67 silly publish   dist: { shasum: '71329a9fc7fceb1af8f32bad3a565a115610340c' },
67 silly publish   _from: '.' }
68 verbose url raw bart
69 verbose url resolving [ 'https://registry.npmjs.org/', './bart' ]
70 verbose url resolved https://registry.npmjs.org/bart
71 info trying registry request attempt 1 at 00:26:47
72 http PUT https://registry.npmjs.org/bart
73 http 403 https://registry.npmjs.org/bart
74 error publish Failed PUT 403
75 error Error: forbidden user: 0x4139 not authorized to modify bart
75 error Changed: description "BART (Bay Area Rapid Transit) ETD Event Emitters" -> "bart is a deployment solution for nodejs"
75 error Changed: dist-tags.latest "0.0.3" -> "0.0.2"
75 error Added: versions.0.0.2
75 error Changed: readme "#BART (Bay Area Rapid Transit) ETD (Estimated Time to Departure)\u000aDisclaimer: [insert disclaimer here about not being affiliated with BART ]\u000a\u000aPass in either a station code or a station code and a direction as an event!\u000a\u000a\u000a## Usage examples:\u000a\u000a    var bart = require('bart').createClient();\u000a\u000a    bart.on('dbrk', function(estimates){\u000a       console.log(estimates); \u000a    });\u000a\u000a\u000aYou can also filter data by specifying a direction: \u000a\u000a    bart.on('dbrk south', function(southbound){\u000a       console.log(southbound); \u000a    });\u000a\u000aNote that if you specify a station-specific handler without a direction, you'll get events for both directions.\u000a\u000a## API\u000a\u000aTODO:  For now, use the above usage examples because frankly, that's all this does.  But, if you need slightly different options:\u000a\u000a### bart.createClient(options)\u000aCreate a bart client with options.  If no options are specified, defaults will be used.\u000a\u000a* `apiKey`: Set your own API key if you have one here.  If none is provided, the common `MW9S-E7SL-26DU-VV8V` key will be used.\u000a* `interval`: A default polling interval in milliseconds for each poller.  If not set, a value of 60 seconds (60000 milliseconds) will be used.  Note that the BART API is a public service and it's probably a really terrible idea to set this any lower.\u000a    \u000a    \u000aExample:\u000a\u000a    var bart = require('bart').createClient({\"apiKey\":\"YOUR-API-KEY\", \"interval\":90000});\u000a    bart.on('mont', function(){...});\u000a\u000a\u000a\u000a\u000aTests:\u000a-Try event with three names\u000a-Test that directionless station events return both station events\u000a-Test invalid api key\u000a\u000aTODO:\u000a\u000aDocument the objects that are returned\u000a\u000a\u000a## License\u000a\u000aMIT.  \u000a\u000aAlso, I take no responsibility for any trains you may miss as a result of this module. :)\u000a\u000a## Contributing\u000a\u000aPull requests are welcome.  My code style is no style (kinda like [Jeet Kune Do](http://en.wikipedia.org/wiki/Jeet_Kune_Do), ya know?)" -> "ERROR: No README data found!"
75 error Changed: time.modified "2012-12-11T04:46:54.533Z" -> "2014-06-06T21:26:47.758Z"
75 error Added: time.0.0.2
75 error Changed: author.name "Aashay Desai" -> "0x4139@gmail.com"
75 error Changed: repository.url "git://github.com/aashay/node-bart.git" -> "git://github.com/0x4139/Bart.git"
75 error Changed: keywords.0 "bart" -> "nodejs"
75 error Changed: keywords.1 "bay" -> "deployment"
75 error Changed: keywords.2 "area" -> "git"
75 error Changed: keywords.3 "rapid" -> "deployment"
75 error Deleted: keywords.4
75 error Deleted: keywords.5
75 error Deleted: keywords.6
75 error Deleted: keywords.7
75 error Deleted: keywords.8
75 error Deleted: keywords.9
75 error Added: homepage
75 error Added: bugs
75 error Added: _attachments: bart
75 error     at RegClient.<anonymous> (/usr/local/lib/node_modules/npm/node_modules/npm-registry-client/lib/request.js:237:14)
75 error     at Request.self.callback (/usr/local/lib/node_modules/npm/node_modules/request/request.js:123:22)
75 error     at Request.EventEmitter.emit (events.js:98:17)
75 error     at Request.<anonymous> (/usr/local/lib/node_modules/npm/node_modules/request/request.js:893:14)
75 error     at Request.EventEmitter.emit (events.js:117:20)
75 error     at IncomingMessage.<anonymous> (/usr/local/lib/node_modules/npm/node_modules/request/request.js:844:12)
75 error     at IncomingMessage.EventEmitter.emit (events.js:117:20)
75 error     at _stream_readable.js:920:16
75 error     at process._tickCallback (node.js:415:13)
76 error If you need help, you may report this *entire* log,
76 error including the npm and node versions, at:
76 error     <http://github.com/npm/npm/issues>
77 error System Darwin 13.2.0
78 error command "node" "/usr/local/bin/npm" "publish"
79 error cwd /Volumes/dev/Bart
80 error node -v v0.10.26
81 error npm -v 1.4.3
82 verbose exit [ 1, true ]
